<?xml version="1.0" encoding="UTF-8"?>
<testsuite xmlns:xsi="http://www.w3.org/2001/XMLSchema-instance" xsi:noNamespaceSchemaLocation="https://maven.apache.org/surefire/maven-surefire-plugin/xsd/surefire-test-report-3.0.xsd" version="3.0" name="SchoolServiceTest" time="0.089" tests="2" errors="0" skipped="0" failures="0">
  <properties>
[...]
</properties>
  <testcase name="examGradeRespectsHistoryAtInstant" classname="SchoolServiceTest" time="0.052"/>
  <testcase name="courseGradeIsWeightedAverage" classname="SchoolServiceTest" time="0.0"/>
</testsuite>